<?xml version="1.0" encoding="UTF-8"?>
<!-- Generated by org.testng.reporters.JUnitReportReporter -->
<testsuite skipped="0" hostname="CDC2-L-J9G7QQ2" name="Demo.FirstDemoSelenium" tests="1" failures="0" timestamp="08 Jan 2019 07:26:19 GMT" time="0.240" errors="0">
  <testcase name="testSearch" time="0.240" classname="Demo.FirstDemoSelenium"/>
</testsuite> <!-- Demo.FirstDemoSelenium -->
